Build started 17.03.2017 11:39:37.
     1>Project "C:\Users\develop\Documents\Visual Studio 2010\Projects\sqlconnect_win32\sqlconnect_win32\sqlconnect_win32.vcxproj" on node 2 (build target(s)).
     1>InitializeBuildStatus:
         Creating "Debug\sqlconnect_win32.unsuccessfulbuild" because "AlwaysCreate" was specified.
       ClCompile:
         All outputs are up-to-date.
         c:\Program Files (x86)\Microsoft Visual Studio 10.0\VC\bin\CL.exe /c /ZI /nologo /W3 /WX- /Od /Oy- /D "WIN32" /D _DEBUG /D "_WINDOWS" /D "_UNICODE" /D "UNICODE" /Gm /EHsc /RTC1 /MDd /GS /fp:precise /Zc:wchar_t /Zc:forScope /Yu"StdAfx.h" /Fp"Debug\sqlconnect_win32.pch" /Fo"Debug\\" /Fd"Debug\vc100.pdb" /Gd /TP /analyze- /errorReport:prompt sqlconnect_win32.cpp
         sqlconnect_win32.cpp
     1>c:\users\develop\documents\visual studio 2010\projects\sqlconnect_win32\sqlconnect_win32\sqlconnect_win32.cpp(135): warning C4996: 'freopen': This function or variable may be unsafe. Consider using freopen_s instead. To disable deprecation, use _CRT_SECURE_NO_WARNINGS. See online help for details.
                 c:\program files (x86)\microsoft visual studio 10.0\vc\include\stdio.h(249) : see declaration of 'freopen'
     1>c:\users\develop\documents\visual studio 2010\projects\sqlconnect_win32\sqlconnect_win32\sqlconnect_win32.cpp(136): warning C4996: 'freopen': This function or variable may be unsafe. Consider using freopen_s instead. To disable deprecation, use _CRT_SECURE_NO_WARNINGS. See online help for details.
                 c:\program files (x86)\microsoft visual studio 10.0\vc\include\stdio.h(249) : see declaration of 'freopen'
     1>c:\users\develop\documents\visual studio 2010\projects\sqlconnect_win32\sqlconnect_win32\sqlconnect_win32.cpp(137): warning C4996: 'freopen': This function or variable may be unsafe. Consider using freopen_s instead. To disable deprecation, use _CRT_SECURE_NO_WARNINGS. See online help for details.
                 c:\program files (x86)\microsoft visual studio 10.0\vc\include\stdio.h(249) : see declaration of 'freopen'
     1>c:\users\develop\documents\visual studio 2010\projects\sqlconnect_win32\sqlconnect_win32\sqlconnect_win32.cpp(131): warning C4101: 'hbutton' : unreferenced local variable
     1>c:\users\develop\documents\visual studio 2010\projects\sqlconnect_win32\sqlconnect_win32\sqlconnect_win32.cpp(225): warning C4101: 'msg' : unreferenced local variable
     1>c:\users\develop\documents\visual studio 2010\projects\sqlconnect_win32\sqlconnect_win32\sqlconnect_win32.cpp(326): warning C4101: 'sr3' : unreferenced local variable
     1>c:\users\develop\documents\visual studio 2010\projects\sqlconnect_win32\sqlconnect_win32\sqlconnect_win32.cpp(326): warning C4101: 'sr1' : unreferenced local variable
     1>c:\users\develop\documents\visual studio 2010\projects\sqlconnect_win32\sqlconnect_win32\sqlconnect_win32.cpp(326): warning C4101: 'sr2' : unreferenced local variable
       ResourceCompile:
         All outputs are up-to-date.
       ManifestResourceCompile:
         All outputs are up-to-date.
       Link:
         c:\Program Files (x86)\Microsoft Visual Studio 10.0\VC\bin\link.exe /ERRORREPORT:PROMPT /OUT:"C:\Users\develop\Documents\Visual Studio 2010\Projects\sqlconnect_win32\Debug\sqlconnect_win32.exe" /INCREMENTAL /NOLOGO kernel32.lib user32.lib gdi32.lib winspool.lib comdlg32.lib advapi32.lib shell32.lib ole32.lib oleaut32.lib uuid.lib odbc32.lib odbccp32.lib /MANIFEST /ManifestFile:"Debug\sqlconnect_win32.exe.intermediate.manifest" /MANIFESTUAC:"level='asInvoker' uiAccess='false'" /DEBUG /PDB:"C:\Users\develop\Documents\Visual Studio 2010\Projects\sqlconnect_win32\Debug\sqlconnect_win32.pdb" /SUBSYSTEM:WINDOWS /TLBID:1 /DYNAMICBASE /NXCOMPAT /IMPLIB:"C:\Users\develop\Documents\Visual Studio 2010\Projects\sqlconnect_win32\Debug\sqlconnect_win32.lib" /MACHINE:X86 Debug\sqlconnect_win32.res
         Debug\sqlconnect_win32.exe.embed.manifest.res
         Debug\sqlconnect_win32.obj
         Debug\stdafx.obj
       Manifest:
         C:\Program Files (x86)\Microsoft SDKs\Windows\v7.0A\bin\mt.exe /nologo /verbose /out:"Debug\sqlconnect_win32.exe.embed.manifest" /manifest Debug\sqlconnect_win32.exe.intermediate.manifest
         All outputs are up-to-date.
       LinkEmbedManifest:
         All outputs are up-to-date.
         sqlconnect_win32.vcxproj -> C:\Users\develop\Documents\Visual Studio 2010\Projects\sqlconnect_win32\Debug\sqlconnect_win32.exe
       FinalizeBuildStatus:
         Deleting file "Debug\sqlconnect_win32.unsuccessfulbuild".
         Touching "Debug\sqlconnect_win32.lastbuildstate".
     1>Done Building Project "C:\Users\develop\Documents\Visual Studio 2010\Projects\sqlconnect_win32\sqlconnect_win32\sqlconnect_win32.vcxproj" (build target(s)).

Build succeeded.

Time Elapsed 00:00:01.39
