Build started 23.02.2017 13:41:36.
     1>Project "c:\Users\develop\documents\visual studio 2010\Projects\kripto\kripto\kripto.vcxproj" on node 2 (build target(s)).
     1>InitializeBuildStatus:
         Creating "Debug\kripto.unsuccessfulbuild" because "AlwaysCreate" was specified.
       ClCompile:
         c:\Program Files (x86)\Microsoft Visual Studio 10.0\VC\bin\CL.exe /c /ZI /nologo /W3 /WX- /Od /Oy- /D "WIN32" /D _DEBUG /D "_WINDOWS" /D _USRDLL /D "KRIPTO_EXPORTS" /D "_WINDLL" /D "_UNICODE" /D "UNICODE" /Gm /EHsc /RTC1 /MDd /GS /fp:precise /Zc:wchar_t /Zc:forScope /Fo"Debug\\" /Fd"Debug\vc100.pdb" /Gd /TP /analyze- /errorReport:prompt merkez.cpp
         merkez.cpp
     1>c:\users\develop\documents\visual studio 2010\projects\kripto\kripto\merkez.cpp(44): warning C4101: 'b' : unreferenced local variable
     1>c:\users\develop\documents\visual studio 2010\projects\kripto\kripto\merkez.cpp(46): warning C4101: 'rakam' : unreferenced local variable
     1>c:\users\develop\documents\visual studio 2010\projects\kripto\kripto\merkez.cpp(68): warning C4101: 'b' : unreferenced local variable
     1>c:\users\develop\documents\visual studio 2010\projects\kripto\kripto\merkez.cpp(70): warning C4101: 'rakam' : unreferenced local variable
       ManifestResourceCompile:
         All outputs are up-to-date.
       Link:
         c:\Program Files (x86)\Microsoft Visual Studio 10.0\VC\bin\link.exe /ERRORREPORT:PROMPT /OUT:"c:\users\develop\documents\visual studio 2010\Projects\kripto\Debug\kripto.dll" /INCREMENTAL /NOLOGO kernel32.lib user32.lib gdi32.lib winspool.lib comdlg32.lib advapi32.lib shell32.lib ole32.lib oleaut32.lib uuid.lib odbc32.lib odbccp32.lib /MANIFEST /ManifestFile:"Debug\kripto.dll.intermediate.manifest" /MANIFESTUAC:"level='asInvoker' uiAccess='false'" /DEBUG /PDB:"c:\users\develop\documents\visual studio 2010\Projects\kripto\Debug\kripto.pdb" /SUBSYSTEM:WINDOWS /TLBID:1 /DYNAMICBASE /NXCOMPAT /IMPLIB:"c:\users\develop\documents\visual studio 2010\Projects\kripto\Debug\kripto.lib" /MACHINE:X86 /DLL Debug\kripto.dll.embed.manifest.res
         Debug\merkez.obj
       Manifest:
         C:\Program Files (x86)\Microsoft SDKs\Windows\v7.0A\bin\mt.exe /nologo /verbose /out:"Debug\kripto.dll.embed.manifest" /manifest Debug\kripto.dll.intermediate.manifest
         All outputs are up-to-date.
       LinkEmbedManifest:
         All outputs are up-to-date.
         kripto.vcxproj -> c:\users\develop\documents\visual studio 2010\Projects\kripto\Debug\kripto.dll
       FinalizeBuildStatus:
         Deleting file "Debug\kripto.unsuccessfulbuild".
         Touching "Debug\kripto.lastbuildstate".
     1>Done Building Project "c:\Users\develop\documents\visual studio 2010\Projects\kripto\kripto\kripto.vcxproj" (build target(s)).

Build succeeded.

Time Elapsed 00:00:00.82
