Build started 17.03.2017 15:47:21.
     1>Project "C:\Users\develop\Documents\Visual Studio 2010\Projects\assembly\assembly\assembly.vcxproj" on node 2 (build target(s)).
     1>InitializeBuildStatus:
         Creating "Debug\assembly.unsuccessfulbuild" because "AlwaysCreate" was specified.
       _MASM:
       Skipping target "_MASM" because all output files are up-to-date with respect to the input files.
       ClCompile:
         c:\Program Files (x86)\Microsoft Visual Studio 10.0\VC\bin\CL.exe /c /Zi /nologo /W3 /WX- /Od /Oy- /D "WIN32" /D _DEBUG /D _CONSOLE /D "_UNICODE" /D "UNICODE" /Gm /EHsc /RTC1 /MDd /GS /fp:precise /Zc:wchar_t /Zc:forScope /Fo"Debug\\" /Fd"Debug\vc100.pdb" /Gd /TP /analyze- /errorReport:prompt assembly.cpp
         assembly.cpp
     1>assembly.cpp(27): warning C4996: 'scanf': This function or variable may be unsafe. Consider using scanf_s instead. To disable deprecation, use _CRT_SECURE_NO_WARNINGS. See online help for details.
                 c:\Program Files (x86)\Microsoft Visual Studio 10.0\VC\include\stdio.h(304) : see declaration of 'scanf'
       ManifestResourceCompile:
         All outputs are up-to-date.
       Link:
         c:\Program Files (x86)\Microsoft Visual Studio 10.0\VC\bin\link.exe /ERRORREPORT:PROMPT /OUT:"C:\Users\develop\Documents\Visual Studio 2010\Projects\assembly\Debug\assembly.exe" /INCREMENTAL /NOLOGO kernel32.lib user32.lib gdi32.lib winspool.lib comdlg32.lib advapi32.lib shell32.lib ole32.lib oleaut32.lib uuid.lib odbc32.lib odbccp32.lib /MANIFEST /ManifestFile:"Debug\assembly.exe.intermediate.manifest" /MANIFESTUAC:"level='asInvoker' uiAccess='false'" /DEBUG /PDB:"C:\Users\develop\Documents\Visual Studio 2010\Projects\assembly\Debug\assembly.pdb" /SUBSYSTEM:CONSOLE /TLBID:1 /DYNAMICBASE /NXCOMPAT /IMPLIB:"C:\Users\develop\Documents\Visual Studio 2010\Projects\assembly\Debug\assembly.lib" /MACHINE:X86 Debug\assembly.exe.embed.manifest.res
         Debug\assembly.obj
         Debug\stdafx.obj
         Debug\deneme.obj
       Manifest:
         C:\Program Files (x86)\Microsoft SDKs\Windows\v7.0A\bin\mt.exe /nologo /verbose /out:"Debug\assembly.exe.embed.manifest" /manifest Debug\assembly.exe.intermediate.manifest
         All outputs are up-to-date.
       LinkEmbedManifest:
         All outputs are up-to-date.
         assembly.vcxproj -> C:\Users\develop\Documents\Visual Studio 2010\Projects\assembly\Debug\assembly.exe
       FinalizeBuildStatus:
         Deleting file "Debug\assembly.unsuccessfulbuild".
         Touching "Debug\assembly.lastbuildstate".
     1>Done Building Project "C:\Users\develop\Documents\Visual Studio 2010\Projects\assembly\assembly\assembly.vcxproj" (build target(s)).

Build succeeded.

Time Elapsed 00:00:01.06
